<?xml version="1.0" encoding="utf-8"?><testsuites name="pytest tests"><testsuite name="pytest" errors="0" failures="0" skipped="0" tests="19" time="8.420" timestamp="2026-07-05T18:48:55.220786+00:00" hostname="agent-env-f0d6fd30-70f1-4943-9fa4-9926f4f8eb75"><testcase classname="tests.test_auth_astro_admin.TestAuth" name="test_register_sets_cookies_and_returns_user" time="0.603" /><testcase classname="tests.test_auth_astro_admin.TestAdmin" name="test_dashboard" time="0.660" /><testcase classname="tests.test_auth_astro_admin.TestAuth" name="test_register_duplicate_email" time="0.644" /><testcase classname="tests.test_auth_astro_admin.TestAdmin" name="test_users_list" time="0.262" /><testcase classname="tests.test_auth_astro_admin.TestAuth" name="test_admin_login_and_me" time="0.646" /><testcase classname="tests.test_auth_astro_admin.TestAdmin" name="test_user_role_and_delete" time="0.972" /><testcase classname="tests.test_auth_astro_admin.TestAuth" name="test_logout_clears_session" time="0.488" /><testcase classname="tests.test_auth_astro_admin.TestAdmin" name="test_activity" time="0.057" /><testcase classname="tests.test_auth_astro_admin.TestAdmin" name="test_content_crud" time="0.352" /><testcase classname="tests.test_auth_astro_admin.TestAdmin" name="test_prompts_crud" time="0.152" /><testcase classname="tests.test_auth_astro_admin.TestAuth" name="test_refresh_issues_new_access" time="1.507" /><testcase classname="tests.test_auth_astro_admin.TestAdmin" name="test_admin_gate_forbids_regular_user" time="0.243" /><testcase classname="tests.test_auth_astro_admin.TestAdmin" name="test_admin_gate_forbids_anonymous" time="0.096" /><testcase classname="tests.test_auth_astro_admin.TestAstro" name="test_chart" time="0.104" /><testcase classname="tests.test_auth_astro_admin.TestAstro" name="test_panchang" time="0.126" /><testcase classname="tests.test_auth_astro_admin.TestAstro" name="test_dasha" time="0.095" /><testcase classname="tests.test_auth_astro_admin.TestAstro" name="test_gochar" time="0.159" /><testcase classname="tests.test_auth_astro_admin.TestAuth" name="test_wrong_password_returns_401" time="0.944" /><testcase classname="tests.test_auth_astro_admin.TestAuth" name="test_bruteforce_lockout" time="3.069" /></testsuite></testsuites>