<?xml version="1.0" encoding="utf-8"?><testsuites name="pytest tests"><testsuite name="pytest" errors="0" failures="0" skipped="0" tests="6" time="11.407" timestamp="2026-07-05T19:32:56.162661+00:00" hostname="agent-env-f0d6fd30-70f1-4943-9fa4-9926f4f8eb75"><testcase classname="tests.test_dasha_5level" name="test_dasha_delhi_2001" time="0.281" /><testcase classname="tests.test_dasha_5level" name="test_dasha_mumbai_1990" time="0.136" /><testcase classname="tests.test_dasha_5level" name="test_chart_regression" time="0.132" /><testcase classname="tests.test_dasha_5level" name="test_gochar_regression" time="0.143" /><testcase classname="tests.test_dasha_5level" name="test_panchang_regression" time="0.098" /><testcase classname="tests.test_dasha_5level" name="test_quest_ask_with_auth" time="10.118" /></testsuite></testsuites>